<?xml version="1.0" encoding="utf-8"?><testsuites name="pytest tests"><testsuite name="pytest" errors="0" failures="1" skipped="0" tests="43" time="119.419" timestamp="2026-08-20T20:12:34.684247+00:00" hostname="agent-env-7084c00b-59b1-488c-9c1e-4cdc13b4e06d"><testcase classname="tests.backend_test" name="test_health" time="0.544" /><testcase classname="tests.backend_test" name="test_pair" time="0.184" /><testcase classname="tests.backend_test" name="test_list_orders_seeded" time="0.189" /><testcase classname="tests.backend_test" name="test_menu_seeded_and_chicken_biryani_unavailable" time="0.184" /><testcase classname="tests.backend_test" name="test_pos_create_random_increments_kot" time="0.310" /><testcase classname="tests.backend_test" name="test_pos_create_explicit" time="0.163" /><testcase classname="tests.backend_test" name="test_status_stamps_and_recall_clears" time="0.830" /><testcase classname="tests.backend_test" name="test_status_invalid_400" time="0.379" /><testcase classname="tests.backend_test" name="test_status_unknown_id_404" time="0.164" /><testcase classname="tests.backend_test" name="test_status_bad_objectid_404" time="0.149" /><testcase classname="tests.backend_test" name="test_item_toggle_and_out_of_range" time="1.502" /><testcase classname="tests.backend_test" name="test_priority_update" time="0.415" /><testcase classname="tests.backend_test" name="test_delete_order" time="2.221" /><testcase classname="tests.backend_test" name="test_menu_patch_returns_syncedToPOS" time="0.471" /><testcase classname="tests.backend_test" name="test_demo_delay_marks_urgent_and_ages" time="0.349" /><testcase classname="tests.backend_test" name="test_prep_time_updates_after_cook_to_ready" time="2.159" /><testcase classname="tests.backend_test" name="test_ws_receives_order_created" time="0.449" /><testcase classname="tests.backend_test" name="test_pos_order_auto_queues_print_job_with_ticket_lines" time="0.760" /><testcase classname="tests.backend_test" name="test_pos_orders_random_also_queues_print" time="0.815" /><testcase classname="tests.backend_test" name="test_print_jobs_filter_and_manual_reprint" time="0.473" /><testcase classname="tests.backend_test" name="test_print_job_ack_and_retry_flow" time="0.594" /><testcase classname="tests.backend_test" name="test_print_job_unknown_id_404" time="0.355" /><testcase classname="tests.backend_test" name="test_manual_print_unknown_order_404" time="0.138" /><testcase classname="tests.backend_test" name="test_station_handoff_moves_and_records_and_queues_print" time="0.931" /><testcase classname="tests.backend_test" name="test_station_handoff_same_station_noop" time="0.320" /><testcase classname="tests.backend_test" name="test_station_handoff_unknown_order_404" time="0.162" /><testcase classname="tests.backend_test" name="test_rush_stats_shape_and_escalation" time="1.299" /><testcase classname="tests.backend_test" name="test_shift_summary_shape_and_updates" time="2.060" /><testcase classname="tests.backend_test" name="test_demo_reset_clears_print_jobs" time="1.130" /><testcase classname="tests.backend_test" name="test_ws_receives_print_queued_on_pos_order" time="0.486" /><testcase classname="tests.backend_test" name="test_config_get_default_shape_no_objectid" time="0.303" /><testcase classname="tests.backend_test" name="test_config_put_partial_patch_and_ws_broadcast" time="0.740" /><testcase classname="tests.backend_test" name="test_ws_config_updated_broadcast" time="0.597" /><testcase classname="tests.backend_test" name="test_print_test_400_when_no_host_or_disabled" time="0.671" /><testcase classname="tests.backend_test" name="test_print_test_unreachable_host_returns_200_ok_false" time="5.481" /><testcase classname="tests.backend_test" name="test_pos_order_with_unreachable_printer_marks_failed_and_retry_stays_failed" time="51.278" /><testcase classname="tests.backend_test" name="test_pos_order_with_printer_disabled_stays_queued" time="36.898" /><testcase classname="tests.backend_test" name="test_escpos_payload_shape" time="0.001" /><testcase classname="tests.backend_test" name="test_cron_no_auth_returns_401" time="0.281" /><testcase classname="tests.backend_test" name="test_cron_wrong_bearer_returns_401" time="0.197" /><testcase classname="tests.backend_test" name="test_cron_correct_bearer_and_idempotency" time="0.377" /><testcase classname="tests.backend_test" name="test_shift_recap_no_recipient_returns_ok_false" time="0.410" /><testcase classname="tests.backend_test" name="test_shift_recap_sends_to_delivered_and_stamps_lastRecapAt" time="1.261"><failure message="AssertionError: assert None&#10; +  where None = &lt;built-in method get of dict object at 0xfa8f4e4e3bc0&gt;('lastRecapAt')&#10; +    where &lt;built-in method get of dict object at 0xfa8f4e4e3bc0&gt; = {'id': '6a875ea9c5c67ec03e37fb9a', 'printerHost': '', 'printerPort': 9100, 'printerEnabled': False, ...}.get">backend/tests/backend_test.py:689: in test_shift_recap_sends_to_delivered_and_stamps_lastRecapAt
    assert cfg.get("lastRecapAt")
E   AssertionError: assert None
E    +  where None = &lt;built-in method get of dict object at 0xfa8f4e4e3bc0&gt;('lastRecapAt')
E    +    where &lt;built-in method get of dict object at 0xfa8f4e4e3bc0&gt; = {'id': '6a875ea9c5c67ec03e37fb9a', 'printerHost': '', 'printerPort': 9100, 'printerEnabled': False, ...}.get</failure></testcase></testsuite></testsuites>