<?xml version="1.0" encoding="utf-8"?><testsuites name="pytest tests"><testsuite name="pytest" errors="0" failures="1" skipped="0" tests="17" time="11.571" timestamp="2026-08-20T19:27:11.423942+00:00" hostname="agent-env-7084c00b-59b1-488c-9c1e-4cdc13b4e06d"><testcase classname="tests.backend_test" name="test_health" time="0.457" /><testcase classname="tests.backend_test" name="test_pair" time="0.149" /><testcase classname="tests.backend_test" name="test_list_orders_seeded" time="0.187" /><testcase classname="tests.backend_test" name="test_menu_seeded_and_chicken_biryani_unavailable" time="0.193" /><testcase classname="tests.backend_test" name="test_pos_create_random_increments_kot" time="0.293" /><testcase classname="tests.backend_test" name="test_pos_create_explicit" time="0.146" /><testcase classname="tests.backend_test" name="test_status_stamps_and_recall_clears" time="1.005" /><testcase classname="tests.backend_test" name="test_status_invalid_400" time="0.377" /><testcase classname="tests.backend_test" name="test_status_unknown_id_404" time="0.171" /><testcase classname="tests.backend_test" name="test_status_bad_objectid_404" time="0.169" /><testcase classname="tests.backend_test" name="test_item_toggle_and_out_of_range" time="0.657" /><testcase classname="tests.backend_test" name="test_priority_update" time="0.359" /><testcase classname="tests.backend_test" name="test_delete_order" time="0.532" /><testcase classname="tests.backend_test" name="test_menu_patch_returns_syncedToPOS" time="0.500" /><testcase classname="tests.backend_test" name="test_demo_delay_marks_urgent_and_ages" time="0.360" /><testcase classname="tests.backend_test" name="test_prep_time_updates_after_cook_to_ready" time="2.174" /><testcase classname="tests.backend_test" name="test_ws_receives_order_created" time="3.232"><failure message="asyncio.exceptions.CancelledError">backend/tests/backend_test.py:258: in test_ws_receives_order_created
    await task
backend/tests/backend_test.py:244: in listener
    msg = await asyncio.wait_for(ws.recv(), timeout=15)
          ^^^^^^^^^^^^^^^^^^^^^^^^^^^^^^^^^^^^^^^^^^^^^
/usr/local/lib/python3.11/asyncio/tasks.py:476: in wait_for
    await waiter
E   asyncio.exceptions.CancelledError</failure></testcase></testsuite></testsuites>